<?xml version="1.0" encoding="UTF-8"?>
<!-- Generated by org.testng.reporters.JUnitReportReporter -->
<testsuite hostname="LAPTOP-RD7G2GLV" failures="0" tests="4" name="com.LoginTest" time="24.011" errors="0" timestamp="2024-12-21T17:57:40 WIB" skipped="0">
  <testcase classname="com.LoginTest" name="loginPasswordInvalidTest" time="7.431"/>
  <testcase classname="com.LoginTest" name="emptyLoginTest" time="5.930"/>
  <testcase classname="com.LoginTest" name="loginUsernameInvalidTest" time="5.204"/>
  <testcase classname="com.LoginTest" name="loginTestSuccess" time="5.446"/>
</testsuite> <!-- com.LoginTest -->
